Last-modified header missing -- time-stamps turned off.
2023-10-09 14:34:44 URL:https://www.google.com/ [18997] -> "www.google.com/index.html" [1]
2023-10-09 14:34:45 URL:https://www.google.com/robots.txt [8326/8326] -> "www.google.com/robots.txt" [1]
2023-10-09 14:34:45 URL:https://www.google.com/images/nav_logo229.png [12263/12263] -> "www.google.com/images/nav_logo229.png" [1]
Last-modified header missing -- time-stamps turned off.
2023-10-09 14:34:45 URL:https://www.google.com/imghp?hl=en&tab=wi [17789] -> "www.google.com/imghp?hl=en&tab=wi.html" [1]
2023-10-09 14:34:46 URL:https://www.google.com/images/branding/googlelogo/1x/googlelogo_white_background_color_272x92dp.png [5482/5482] -> "www.google.com/images/branding/googlelogo/1x/googlelogo_white_background_color_272x92dp.png" [1]
Last-modified header missing -- time-stamps turned off.
2023-10-09 14:34:47 URL:https://www.google.com/advanced_search?hl=en-PK&authuser=0 [303826] -> "www.google.com/advanced_search?hl=en-PK&authuser=0.html" [1]
2023-10-09 14:34:48 URL:https://ads.google.com/intl/en/home/ [318389/318389] -> "www.google.com/intl/en/ads/index.html" [1]
Last-modified header missing -- time-stamps turned off.
2023-10-09 14:34:49 URL:https://about.google/ [98093/98093] -> "www.google.com/intl/en/about.html" [1]
Last-modified header missing -- time-stamps turned off.
2023-10-09 14:34:50 URL:https://www.google.com.pk/ [18893] -> "www.google.com/setprefdomain?prefdom=PK&prev=https:%2F%2Fwww.google.com.pk%2F&sig=K_JSECXkeAakwPEvXcYmzC_lnaUE8=.html" [1]
2023-10-09 14:34:51 URL:https://www.google.com/intl/en/policies/privacy/ [1377/1377] -> "www.google.com/intl/en/policies/privacy/index.html" [1]
2023-10-09 14:34:51 URL:https://www.google.com/intl/en/policies/terms/ [1369/1369] -> "www.google.com/intl/en/policies/terms/index.html" [1]
2023-10-09 14:34:51 URL:https://www.google.com/intl/en_ALL/images/branding/googlelogo/1x/googlelogo_white_background_color_272x92dp.png [5482/5482] -> "www.google.com/intl/en_ALL/images/branding/googlelogo/1x/googlelogo_white_background_color_272x92dp.png" [1]
Last-modified header missing -- time-stamps turned off.
2023-10-09 14:34:52 URL:https://www.google.com/advanced_image_search?hl=en-PK&authuser=0 [302542] -> "www.google.com/advanced_image_search?hl=en-PK&authuser=0.html" [1]
Last-modified header missing -- time-stamps turned off.
2023-10-09 14:34:53 URL:https://www.google.com/webhp?tab=ww [19013] -> "www.google.com/webhp?tab=ww.html" [1]
Last-modified header missing -- time-stamps turned off.
2023-10-09 14:34:56 URL:https://support.google.com/websearch/?visit_id=638324408953602787-789102684&hl=en-PK&rd=2 [966265] -> "www.google.com/url?q=https:%2F%2Fsupport.google.com%2Fwebsearch%2F?p=ws_results_help&hl=en-PK&fg=1&opi=89978449&sa=U&ved=0ahUKEwjJ7YDo1OiBAxUQppUCHSGZApQQ8KwCCAI&usg=AOvVaw26TGHP5fL4oNtkp4sDHYIh.html" [1]
Last-modified header missing -- time-stamps turned off.
2023-10-09 14:34:58 URL:https://policies.google.com/privacy?hl=en-PK&fg=1 [307335] -> "www.google.com/url?q=https:%2F%2Fpolicies.google.com%2Fprivacy?hl=en-PK&fg=1&opi=89978449&sa=U&ved=0ahUKEwjJ7YDo1OiBAxUQppUCHSGZApQQ8awCCAM&usg=AOvVaw1x11uR4ym_uF1_C0hzbrU-.html" [1]
Last-modified header missing -- time-stamps turned off.
2023-10-09 14:35:00 URL:https://policies.google.com/terms?hl=en-PK&fg=1 [264911] -> "www.google.com/url?q=https:%2F%2Fpolicies.google.com%2Fterms?hl=en-PK&fg=1&opi=89978449&sa=U&ved=0ahUKEwjJ7YDo1OiBAxUQppUCHSGZApQQ8qwCCAQ&usg=AOvVaw0pIKlsfUd2iBR0-C5d4JML.html" [1]
Last-modified header missing -- time-stamps turned off.
2023-10-09 14:35:01 URL:https://www.google.com/webhp?hl=en&tab=ii [19023] -> "www.google.com/webhp?hl=en&tab=ii.html" [1]
Last-modified header missing -- time-stamps turned off.
2023-10-09 14:35:03 URL:https://support.google.com/websearch/?visit_id=638324409026770078-1316283906&hl=en-PK&rd=2 [966274] -> "www.google.com/url?q=https:%2F%2Fsupport.google.com%2Fwebsearch%2F?p=ws_images_SERP&hl=en-PK&fg=1&opi=89978449&sa=U&ved=0ahUKEwiA7s3q1OiBAxU1rJUCHVwEAJUQ8KwCCAI&usg=AOvVaw2Lj2Kp9jQP1sOKFaa84_9e.html" [1]
Last-modified header missing -- time-stamps turned off.
2023-10-09 14:35:05 URL:https://policies.google.com/privacy?hl=en-PK&fg=1 [307334] -> "www.google.com/url?q=https:%2F%2Fpolicies.google.com%2Fprivacy?hl=en-PK&fg=1&opi=89978449&sa=U&ved=0ahUKEwiA7s3q1OiBAxU1rJUCHVwEAJUQ8awCCAM&usg=AOvVaw0USjAd8gxS9tuXUyUpO5vO.html" [1]
Last-modified header missing -- time-stamps turned off.
2023-10-09 14:35:06 URL:https://policies.google.com/terms?hl=en-PK&fg=1 [264911] -> "www.google.com/url?q=https:%2F%2Fpolicies.google.com%2Fterms?hl=en-PK&fg=1&opi=89978449&sa=U&ved=0ahUKEwiA7s3q1OiBAxU1rJUCHVwEAJUQ8qwCCAQ&usg=AOvVaw3q0uDic67aiolumyBJRSpw.html" [1]
FINISHED --2023-10-09 14:35:06--
Total wall clock time: 23s
Downloaded: 21 files, 4.0M in 4.9s (840 KB/s)
