Last-modified header missing -- time-stamps turned off.
2023-10-04 20:12:32 URL:https://www.huffpost.com/ [693908/693908] -> "www.huffpost.com/index.html" [1]
2023-10-04 20:12:33 URL:https://www.huffpost.com/robots.txt [842/842] -> "www.huffpost.com/robots.txt" [1]
2023-10-04 20:12:34 URL:https://www.huffpost.com/static-assets/cambria/app/ie.05375196dad8e95a695d.js [92869/92869] -> "www.huffpost.com/static-assets/cambria/app/ie.05375196dad8e95a695d.js" [1]
2023-10-04 20:12:35 URL:https://www.huffpost.com/favicon.ico [5430/5430] -> "www.huffpost.com/favicon.ico" [1]
2023-10-04 20:12:35 URL:https://www.huffpost.com/static-assets/cambria/app/fonts/proxima-nova-regular.hash-79c14ea7490af62fc90c4c91a9ebdc4e.woff [42096/42096] -> "www.huffpost.com/static-assets/cambria/app/fonts/proxima-nova-regular.hash-79c14ea7490af62fc90c4c91a9ebdc4e.woff" [1]
2023-10-04 20:12:35 URL:https://www.huffpost.com/static-assets/cambria/app/fonts/proxima-nova-bold.hash-c5b5d29cb016c8df27f6fc56fb8d9a84.woff [42620/42620] -> "www.huffpost.com/static-assets/cambria/app/fonts/proxima-nova-bold.hash-c5b5d29cb016c8df27f6fc56fb8d9a84.woff" [1]
2023-10-04 20:12:35 URL:https://www.huffpost.com/static-assets/cambria/app/fonts/proxima-nova-semibold.hash-f45999e0380f344650ac535a7a00e6a9.woff [39740/39740] -> "www.huffpost.com/static-assets/cambria/app/fonts/proxima-nova-semibold.hash-f45999e0380f344650ac535a7a00e6a9.woff" [1]
2023-10-04 20:12:35 URL:https://www.huffpost.com/static-assets/cambria/app/fonts/proxima-nova-condensed-medium.hash-15d69e2022c9578256bf4293d7917299.woff2 [40224/40224] -> "www.huffpost.com/static-assets/cambria/app/fonts/proxima-nova-condensed-medium.hash-15d69e2022c9578256bf4293d7917299.woff2" [1]
2023-10-04 20:12:35 URL:https://www.huffpost.com/static-assets/cambria/app/fonts/proxima-nova-condensed-bold.hash-cfe96e1adc5f15e8d1e1dbea32f45eaf.woff2 [40124/40124] -> "www.huffpost.com/static-assets/cambria/app/fonts/proxima-nova-condensed-bold.hash-cfe96e1adc5f15e8d1e1dbea32f45eaf.woff2" [1]
2023-10-04 20:12:35 URL:https://www.huffpost.com/static-assets/cambria/app/fonts/proxima-nova-condensed-bold-italic.hash-22dfcf1417067b49e8c1e5304f3e60b5.woff2 [45608/45608] -> "www.huffpost.com/static-assets/cambria/app/fonts/proxima-nova-condensed-bold-italic.hash-22dfcf1417067b49e8c1e5304f3e60b5.woff2" [1]
2023-10-04 20:12:35 URL:https://www.huffpost.com/static-assets/cambria/app/fonts/proxima-nova-condensed-extrabld.hash-40acc89242624bef183ace6be58d6dfd.woff2 [40224/40224] -> "www.huffpost.com/static-assets/cambria/app/fonts/proxima-nova-condensed-extrabld.hash-40acc89242624bef183ace6be58d6dfd.woff2" [1]
2023-10-04 20:12:35 URL:https://www.huffpost.com/static-assets/cambria/app/fonts/proxima-nova-condensed-extrabold-italic.hash-0ee0e93dd385edd2c35c066ec5916f29.woff2 [43852/43852] -> "www.huffpost.com/static-assets/cambria/app/fonts/proxima-nova-condensed-extrabold-italic.hash-0ee0e93dd385edd2c35c066ec5916f29.woff2" [1]
2023-10-04 20:12:36 URL:https://www.huffpost.com/static-assets/cambria/app/favicon.ico [5430/5430] -> "www.huffpost.com/static-assets/cambria/app/favicon.ico" [1]
Last-modified header missing -- time-stamps turned off.
2023-10-04 20:12:37 URL:https://www.huffpost.com/news/ [509360/509360] -> "www.huffpost.com/news/index.html" [1]
Last-modified header missing -- time-stamps turned off.
2023-10-04 20:12:39 URL:https://www.huffpost.com/news/us-news [490324/490324] -> "www.huffpost.com/news/us-news.html" [1]
Last-modified header missing -- time-stamps turned off.
2023-10-04 20:12:40 URL:https://www.huffpost.com/news/world-news [529785/529785] -> "www.huffpost.com/news/world-news.html" [1]
Last-modified header missing -- time-stamps turned off.
2023-10-04 20:12:42 URL:https://www.huffpost.com/impact/business [553110/553110] -> "www.huffpost.com/impact/business.html" [1]
Last-modified header missing -- time-stamps turned off.
2023-10-04 20:12:45 URL:https://www.huffpost.com/impact/green [560452/560452] -> "www.huffpost.com/impact/green.html" [1]
Last-modified header missing -- time-stamps turned off.
2023-10-04 20:12:46 URL:https://www.huffpost.com/section/health [560250/560250] -> "www.huffpost.com/section/health.html" [1]
Last-modified header missing -- time-stamps turned off.
2023-10-04 20:12:48 URL:https://www.huffpost.com/impact/topic/social-justice [553680/553680] -> "www.huffpost.com/impact/topic/social-justice.html" [1]
Last-modified header missing -- time-stamps turned off.
2023-10-04 20:12:50 URL:https://www.huffpost.com/news/crime [527644/527644] -> "www.huffpost.com/news/crime.html" [1]
Last-modified header missing -- time-stamps turned off.
2023-10-04 20:12:51 URL:https://www.huffpost.com/news/politics [504479/504479] -> "www.huffpost.com/news/politics.html" [1]
Last-modified header missing -- time-stamps turned off.
2023-10-04 20:12:53 URL:https://www.huffpost.com/news/topic/joe-biden [553230/553230] -> "www.huffpost.com/news/topic/joe-biden.html" [1]
Last-modified header missing -- time-stamps turned off.
2023-10-04 20:12:54 URL:https://www.huffpost.com/news/topic/us-congress [553639/553639] -> "www.huffpost.com/news/topic/us-congress.html" [1]
Last-modified header missing -- time-stamps turned off.
2023-10-04 20:12:55 URL:https://www.huffpost.com/news/topic/extremism [552636/552636] -> "www.huffpost.com/news/topic/extremism.html" [1]
2023-10-04 20:12:57 URL:https://www.huffpost.com/elections [1235117/1235117] -> "www.huffpost.com/elections.html" [1]
Last-modified header missing -- time-stamps turned off.
2023-10-04 20:12:58 URL:https://www.huffpost.com/section/opinion [477322/477322] -> "www.huffpost.com/section/opinion.html" [1]
Last-modified header missing -- time-stamps turned off.
2023-10-04 20:12:59 URL:https://www.huffpost.com/entertainment/ [533581/533581] -> "www.huffpost.com/entertainment/index.html" [1]
Last-modified header missing -- time-stamps turned off.
2023-10-04 20:13:01 URL:https://www.huffpost.com/entertainment/arts [561129/561129] -> "www.huffpost.com/entertainment/arts.html" [1]
Last-modified header missing -- time-stamps turned off.
2023-10-04 20:13:03 URL:https://www.huffpost.com/news/media [556034/556034] -> "www.huffpost.com/news/media.html" [1]
Last-modified header missing -- time-stamps turned off.
2023-10-04 20:13:05 URL:https://www.huffpost.com/entertainment/celebrity [552342/552342] -> "www.huffpost.com/entertainment/celebrity.html" [1]
Last-modified header missing -- time-stamps turned off.
2023-10-04 20:13:07 URL:https://www.huffpost.com/entertainment/tv [538226/538226] -> "www.huffpost.com/entertainment/tv.html" [1]
Last-modified header missing -- time-stamps turned off.
2023-10-04 20:13:08 URL:https://www.huffpost.com/entertainment/books [586046/586046] -> "www.huffpost.com/entertainment/books.html" [1]
Last-modified header missing -- time-stamps turned off.
2023-10-04 20:13:10 URL:https://www.huffpost.com/life/ [288584/288584] -> "www.huffpost.com/life/index.html" [1]
Last-modified header missing -- time-stamps turned off.
2023-10-04 20:13:11 URL:https://www.huffpost.com/life/style [245087/245087] -> "www.huffpost.com/life/style.html" [1]
Last-modified header missing -- time-stamps turned off.
2023-10-04 20:13:12 URL:https://www.huffpost.com/life/taste [244569/244569] -> "www.huffpost.com/life/taste.html" [1]
Last-modified header missing -- time-stamps turned off.
2023-10-04 20:13:13 URL:https://www.huffpost.com/life/parents [237571/237571] -> "www.huffpost.com/life/parents.html" [1]
Last-modified header missing -- time-stamps turned off.
2023-10-04 20:13:13 URL:https://www.huffpost.com/life/travel [244249/244249] -> "www.huffpost.com/life/travel.html" [1]
Last-modified header missing -- time-stamps turned off.
2023-10-04 20:13:15 URL:https://www.huffpost.com/life/healthy-living [243918/243918] -> "www.huffpost.com/life/healthy-living.html" [1]
Last-modified header missing -- time-stamps turned off.
2023-10-04 20:13:16 URL:https://www.huffpost.com/life/relationships [245325/245325] -> "www.huffpost.com/life/relationships.html" [1]
Last-modified header missing -- time-stamps turned off.
2023-10-04 20:13:16 URL:https://www.huffpost.com/life/money [243693/243693] -> "www.huffpost.com/life/money.html" [1]
Last-modified header missing -- time-stamps turned off.
2023-10-04 20:13:17 URL:https://www.huffpost.com/life/huffpost-home [244313/244313] -> "www.huffpost.com/life/huffpost-home.html" [1]
Last-modified header missing -- time-stamps turned off.
2023-10-04 20:13:18 URL:https://www.huffpost.com/life/worklife [244444/244444] -> "www.huffpost.com/life/worklife.html" [1]
Last-modified header missing -- time-stamps turned off.
2023-10-04 20:13:19 URL:https://www.huffpost.com/life/huffpost-shopping [238045/238045] -> "www.huffpost.com/life/huffpost-shopping.html" [1]
Last-modified header missing -- time-stamps turned off.
2023-10-04 20:13:22 URL:https://www.huffpost.com/voices/ [913933/913933] -> "www.huffpost.com/voices/index.html" [1]
Last-modified header missing -- time-stamps turned off.
2023-10-04 20:13:24 URL:https://www.huffpost.com/voices/black-voices [215693/215693] -> "www.huffpost.com/voices/black-voices.html" [1]
Last-modified header missing -- time-stamps turned off.
2023-10-04 20:13:24 URL:https://www.huffpost.com/voices/queer-voices [216145/216145] -> "www.huffpost.com/voices/queer-voices.html" [1]
Last-modified header missing -- time-stamps turned off.
2023-10-04 20:13:25 URL:https://www.huffpost.com/voices/latino-voices [215342/215342] -> "www.huffpost.com/voices/latino-voices.html" [1]
Last-modified header missing -- time-stamps turned off.
2023-10-04 20:13:26 URL:https://www.huffpost.com/voices/indigenous-voices [389449/389449] -> "www.huffpost.com/voices/indigenous-voices.html" [1]
Last-modified header missing -- time-stamps turned off.
2023-10-04 20:13:26 URL:https://www.huffpost.com/voices/asian-voices [215788/215788] -> "www.huffpost.com/voices/asian-voices.html" [1]
Last-modified header missing -- time-stamps turned off.
2023-10-04 20:13:28 URL:https://www.huffpost.com/voices/womens-voices [202287/202287] -> "www.huffpost.com/voices/womens-voices.html" [1]
Last-modified header missing -- time-stamps turned off.
2023-10-04 20:13:29 URL:https://www.huffpost.com/section/huffpost-personal [593196/593196] -> "www.huffpost.com/section/huffpost-personal.html" [1]
Last-modified header missing -- time-stamps turned off.
2023-10-04 20:13:29 URL:https://www.huffpost.com/section/video [386747/386747] -> "www.huffpost.com/section/video.html" [1]
Last-modified header missing -- time-stamps turned off.
2023-10-04 20:13:31 URL:https://www.huffpost.com/life/topic/your-best-defense [369885/369885] -> "www.huffpost.com/life/topic/your-best-defense.html" [1]
Last-modified header missing -- time-stamps turned off.
2023-10-04 20:13:33 URL:http://www.huffpost.com/horoscopes [257503/257503] -> "www.huffpost.com/horoscopes/index.html" [1]
2023-10-04 20:13:33 URL:http://www.huffpost.com/robots.txt [842/842] -> "www.huffpost.com/robots.txt" [1]
Last-modified header missing -- time-stamps turned off.
2023-10-04 20:13:35 URL:https://www.huffpost.com/newsletters [371916] -> "www.huffpost.com/newsletters.html" [1]
Last-modified header missing -- time-stamps turned off.
2023-10-04 20:13:36 URL:https://www.huffpost.com/archive/in/topic/india [204630/204630] -> "www.huffpost.com/archive/in/topic/india.html" [1]
Last-modified header missing -- time-stamps turned off.
2023-10-04 20:13:36 URL:https://www.huffpost.com/static/user-agreement [168622/168622] -> "www.huffpost.com/static/user-agreement.html" [1]
Last-modified header missing -- time-stamps turned off.
2023-10-04 20:13:37 URL:https://www.huffpost.com/static/privacy-policy [190514/190514] -> "www.huffpost.com/static/privacy-policy.html" [1]
Last-modified header missing -- time-stamps turned off.
2023-10-04 20:13:38 URL:https://www.huffpost.com/entry/essential-travel-products-ano_l_65149ac3e4b0694638194561 [598793/598793] -> "www.huffpost.com/entry/essential-travel-products-ano_l_65149ac3e4b0694638194561.html" [1]
Last-modified header missing -- time-stamps turned off.
2023-10-04 20:13:38 URL:https://www.huffpost.com/entry/morgan-state-university-shooting_n_651cd4fde4b077bb2645ccdd [316812/316812] -> "www.huffpost.com/entry/morgan-state-university-shooting_n_651cd4fde4b077bb2645ccdd.html" [1]
Last-modified header missing -- time-stamps turned off.
2023-10-04 20:13:39 URL:https://www.huffpost.com/entry/josh-kruger-philadelphia-shooting_n_651c739be4b0d2f61f600d95 [340095/340095] -> "www.huffpost.com/entry/josh-kruger-philadelphia-shooting_n_651c739be4b0d2f61f600d95.html" [1]
Last-modified header missing -- time-stamps turned off.
2023-10-04 20:13:40 URL:https://www.huffpost.com/entry/kevin-mccarthy-ousted-speaker_n_651ca50fe4b00623d35eaf32 [352746/352746] -> "www.huffpost.com/entry/kevin-mccarthy-ousted-speaker_n_651ca50fe4b00623d35eaf32.html" [1]
Last-modified header missing -- time-stamps turned off.
2023-10-04 20:13:40 URL:https://www.huffpost.com/entry/gop-politicians-pundits-blame-democrats-mccarthy_n_651c9cabe4b077bb2645c990 [355883/355883] -> "www.huffpost.com/entry/gop-politicians-pundits-blame-democrats-mccarthy_n_651c9cabe4b077bb2645c990.html" [1]
Last-modified header missing -- time-stamps turned off.
2023-10-04 20:13:41 URL:https://www.huffpost.com/entry/kevin-mccarthy-bring-it-on-tweet_n_651c85b8e4b0b58c1894e717 [351846/351846] -> "www.huffpost.com/entry/kevin-mccarthy-bring-it-on-tweet_n_651c85b8e4b0b58c1894e717.html" [1]
Last-modified header missing -- time-stamps turned off.
2023-10-04 20:13:41 URL:https://www.huffpost.com/entry/tennessee-rep-justin-jones-sues-speaker-over-expulsion_n_651c6926e4b08e1d3e4db1d2 [345167/345167] -> "www.huffpost.com/entry/tennessee-rep-justin-jones-sues-speaker-over-expulsion_n_651c6926e4b08e1d3e4db1d2.html" [1]
Last-modified header missing -- time-stamps turned off.
2023-10-04 20:13:42 URL:https://www.huffpost.com/entry/blind-side-author-aggression-nfl-career-suit_n_651c7d94e4b0d2f61f600ed0 [355276/355276] -> "www.huffpost.com/entry/blind-side-author-aggression-nfl-career-suit_n_651c7d94e4b0d2f61f600ed0.html" [1]
